<?xml version="1.0" encoding="UTF-8"?>
<testng-results skipped="1" failed="1" ignored="0" total="3" passed="1">
  <reporter-output>
  </reporter-output>
  <suite name="Default suite" duration-ms="10568" started-at="2020-04-13T03:13:26Z" finished-at="2020-04-13T03:13:37Z">
    <groups>
    </groups>
    <test name="Default test" duration-ms="10568" started-at="2020-04-13T03:13:26Z" finished-at="2020-04-13T03:13:37Z">
      <class name="com.regression.MarketData">
        <test-method status="PASS" signature="setup_tc1()[pri:0, instance:com.regression.MarketData@56ef9176]" name="setup_tc1" is-config="true" duration-ms="7806" started-at="2020-04-13T03:13:26Z" finished-at="2020-04-13T03:13:34Z">
          <reporter-output>
          </reporter-output>
        </test-method> <!-- setup_tc1 -->
        <test-method status="PASS" signature="regression_tc2()[pri:0, instance:com.regression.MarketData@56ef9176]" name="regression_tc2" duration-ms="1751" started-at="2020-04-13T03:13:34Z" finished-at="2020-04-13T03:13:36Z">
          <reporter-output>
          </reporter-output>
        </test-method> <!-- regression_tc2 -->
        <test-method status="FAIL" signature="regression_tc3()[pri:0, instance:com.regression.MarketData@56ef9176]" name="regression_tc3" duration-ms="36" started-at="2020-04-13T03:13:36Z" depends-on-methods="com.regression.MarketData.regression_tc2" finished-at="2020-04-13T03:13:36Z">
          <exception class="java.lang.IndexOutOfBoundsException">
            <message>
              <![CDATA[Index: 0, Size: 0]]>
            </message>
            <full-stacktrace>
              <![CDATA[java.lang.IndexOutOfBoundsException: Index: 0, Size: 0
at java.util.ArrayList.rangeCheck(ArrayList.java:657)
at java.util.ArrayList.get(ArrayList.java:433)
at sun.reflect.NativeMethodAccessorImpl.invoke0(Native Method)
at sun.reflect.NativeMethodAccessorImpl.invoke(NativeMethodAccessorImpl.java:62)
at sun.reflect.DelegatingMethodAccessorImpl.invoke(DelegatingMethodAccessorImpl.java:43)
at java.lang.reflect.Method.invoke(Method.java:498)
at org.openqa.selenium.support.pagefactory.internal.LocatingElementListHandler.invoke(LocatingElementListHandler.java:39)
at com.sun.proxy.$Proxy9.get(Unknown Source)
at com.regression.MarketData.regression_tc3(MarketData.java:54)
at sun.reflect.NativeMethodAccessorImpl.invoke0(Native Method)
at sun.reflect.NativeMethodAccessorImpl.invoke(NativeMethodAccessorImpl.java:62)
at sun.reflect.DelegatingMethodAccessorImpl.invoke(DelegatingMethodAccessorImpl.java:43)
at java.lang.reflect.Method.invoke(Method.java:498)
at org.testng.internal.MethodInvocationHelper.invokeMethod(MethodInvocationHelper.java:124)
at org.testng.internal.Invoker.invokeMethod(Invoker.java:583)
at org.testng.internal.Invoker.invokeTestMethod(Invoker.java:719)
at org.testng.internal.Invoker.invokeTestMethods(Invoker.java:989)
at org.testng.internal.TestMethodWorker.invokeTestMethods(TestMethodWorker.java:125)
at org.testng.internal.TestMethodWorker.run(TestMethodWorker.java:109)
at org.testng.TestRunner.privateRun(TestRunner.java:648)
at org.testng.TestRunner.run(TestRunner.java:505)
at org.testng.SuiteRunner.runTest(SuiteRunner.java:455)
at org.testng.SuiteRunner.runSequentially(SuiteRunner.java:450)
at org.testng.SuiteRunner.privateRun(SuiteRunner.java:415)
at org.testng.SuiteRunner.run(SuiteRunner.java:364)
at org.testng.SuiteRunnerWorker.runSuite(SuiteRunnerWorker.java:52)
at org.testng.SuiteRunnerWorker.run(SuiteRunnerWorker.java:84)
at org.testng.TestNG.runSuitesSequentially(TestNG.java:1208)
at org.testng.TestNG.runSuitesLocally(TestNG.java:1137)
at org.testng.TestNG.runSuites(TestNG.java:1049)
at org.testng.TestNG.run(TestNG.java:1017)
at org.testng.remote.AbstractRemoteTestNG.run(AbstractRemoteTestNG.java:115)
at org.testng.remote.RemoteTestNG.initAndRun(RemoteTestNG.java:251)
at org.testng.remote.RemoteTestNG.main(RemoteTestNG.java:77)
]]>
            </full-stacktrace>
          </exception> <!-- java.lang.IndexOutOfBoundsException -->
          <reporter-output>
          </reporter-output>
        </test-method> <!-- regression_tc3 -->
        <test-method status="SKIP" signature="regression_tc4()[pri:0, instance:com.regression.MarketData@56ef9176]" name="regression_tc4" duration-ms="0" started-at="2020-04-13T03:13:36Z" depends-on-methods="com.regression.MarketData.regression_tc3" finished-at="2020-04-13T03:13:36Z">
          <exception class="java.lang.Throwable">
            <message>
              <![CDATA[Method MarketData.regression_tc4()[pri:0, instance:com.regression.MarketData@56ef9176] depends on not successfully finished methods]]>
            </message>
            <full-stacktrace>
              <![CDATA[java.lang.Throwable: Method MarketData.regression_tc4()[pri:0, instance:com.regression.MarketData@56ef9176] depends on not successfully finished methods
at org.testng.internal.Invoker.invokeTestMethods(Invoker.java:888)
at org.testng.internal.TestMethodWorker.invokeTestMethods(TestMethodWorker.java:125)
at org.testng.internal.TestMethodWorker.run(TestMethodWorker.java:109)
at org.testng.TestRunner.privateRun(TestRunner.java:648)
at org.testng.TestRunner.run(TestRunner.java:505)
at org.testng.SuiteRunner.runTest(SuiteRunner.java:455)
at org.testng.SuiteRunner.runSequentially(SuiteRunner.java:450)
at org.testng.SuiteRunner.privateRun(SuiteRunner.java:415)
at org.testng.SuiteRunner.run(SuiteRunner.java:364)
at org.testng.SuiteRunnerWorker.runSuite(SuiteRunnerWorker.java:52)
at org.testng.SuiteRunnerWorker.run(SuiteRunnerWorker.java:84)
at org.testng.TestNG.runSuitesSequentially(TestNG.java:1208)
at org.testng.TestNG.runSuitesLocally(TestNG.java:1137)
at org.testng.TestNG.runSuites(TestNG.java:1049)
at org.testng.TestNG.run(TestNG.java:1017)
at org.testng.remote.AbstractRemoteTestNG.run(AbstractRemoteTestNG.java:115)
at org.testng.remote.RemoteTestNG.initAndRun(RemoteTestNG.java:251)
at org.testng.remote.RemoteTestNG.main(RemoteTestNG.java:77)
]]>
            </full-stacktrace>
          </exception> <!-- java.lang.Throwable -->
          <reporter-output>
          </reporter-output>
        </test-method> <!-- regression_tc4 -->
        <test-method status="PASS" signature="teardown()[pri:0, instance:com.regression.MarketData@56ef9176]" name="teardown" is-config="true" duration-ms="937" started-at="2020-04-13T03:13:36Z" finished-at="2020-04-13T03:13:37Z">
          <reporter-output>
          </reporter-output>
        </test-method> <!-- teardown -->
      </class> <!-- com.regression.MarketData -->
    </test> <!-- Default test -->
  </suite> <!-- Default suite -->
</testng-results>
